Currently Loaded Modulefiles: 1) services/slurm <aL> 3) git/2.48.0 2) system/intel64(default) 4) anaconda3/2024.02 Key: (symbolic-version) <module-tag> <aL>=auto-loaded
Top-level: list, len=9
root (list, len=9)
root[0] (dict, 18 keys)
root[0].catalog_idxs (list->array shape=(10,), dtype=int64)
root[0].z_lens (list->array shape=(10,), dtype=float64)
root[0].z_src (list->array shape=(10,), dtype=float64)
root[0].fpd_samples (list->array shape=(10, 5000, 3), dtype=float64)
root[0].lens_param_samples (list->array shape=(10, 5000, 10), dtype=float64)
root[0].kappa_ext_samples (list->array shape=(10, 5000), dtype=float64)
root[0].beta_ani_samples (list->array shape=(10, 5000), dtype=float64)
root[0].kin_pred_samples (list->array shape=(10, 5000, 10), dtype=float64)
root[0].td_measured (list->array shape=(10, 5000, 3), dtype=float64)
root[0].td_likelihood_prec (list->array shape=(10, 5000, 3, 3), dtype=float64)
root[0].td_likelihood_prefactors (list->array shape=(10, 5000), dtype=float64)
root[0].lens_params_nu_int_means (list->array shape=(10,), dtype=float64)
root[0].lens_params_nu_int_stddevs (list->array shape=(10,), dtype=float64)
root[0].log_prob_lens_param_samps_nu_int (list->array shape=(10, 5000), dtype=float64)
root[0].sigma_v_measured (list->array shape=(10, 5000, 10), dtype=float64)
root[0].sigma_v_likelihood_prec (list->array shape=(10, 5000, 10, 10), dtype=float64)
root[0].sigma_v_likelihood_prefactors (list->array shape=(10, 5000), dtype=float64)
root[0].log_prob_beta_ani_samps_nu_int (list->array shape=(10, 5000), dtype=float64)
root[1] (dict, 18 keys)
root[1].catalog_idxs (list->array shape=(20,), dtype=int64)
root[1].z_lens (list->array shape=(20,), dtype=float64)
root[1].z_src (list->array shape=(20,), dtype=float64)
root[1].fpd_samples (list->array shape=(20, 5000, 3), dtype=float64)
root[1].lens_param_samples (list->array shape=(20, 5000, 10), dtype=float64)
root[1].kappa_ext_samples (list->array shape=(20, 5000), dtype=float64)
root[1].beta_ani_samples (list->array shape=(20, 5000), dtype=float64)
root[1].kin_pred_samples (list->array shape=(20, 5000, 3), dtype=float64)
root[1].td_measured (list->array shape=(20, 5000, 3), dtype=float64)
root[1].td_likelihood_prec (list->array shape=(20, 5000, 3, 3), dtype=float64)
root[1].td_likelihood_prefactors (list->array shape=(20, 5000), dtype=float64)
root[1].lens_params_nu_int_means (list->array shape=(10,), dtype=float64)
root[1].lens_params_nu_int_stddevs (list->array shape=(10,), dtype=float64)
root[1].log_prob_lens_param_samps_nu_int (list->array shape=(20, 5000), dtype=float64)
root[1].sigma_v_measured (list->array shape=(20, 5000, 3), dtype=float64)
root[1].sigma_v_likelihood_prec (list->array shape=(20, 5000, 3, 3), dtype=float64)
root[1].sigma_v_likelihood_prefactors (list->array shape=(20, 5000), dtype=float64)
root[1].log_prob_beta_ani_samps_nu_int (list->array shape=(20, 5000), dtype=float64)
root[2] (dict, 18 keys)
root[2].catalog_idxs (list->array shape=(20,), dtype=int64)
root[2].z_lens (list->array shape=(20,), dtype=float64)
root[2].z_src (list->array shape=(20,), dtype=float64)
root[2].fpd_samples (list->array shape=(20, 5000, 1), dtype=float64)
root[2].lens_param_samples (list->array shape=(20, 5000, 10), dtype=float64)
root[2].kappa_ext_samples (list->array shape=(20, 5000), dtype=float64)
root[2].beta_ani_samples (list->array shape=(20, 5000), dtype=float64)
root[2].kin_pred_samples (list->array shape=(20, 5000, 3), dtype=float64)
root[2].td_measured (list->array shape=(20, 5000, 1), dtype=float64)
root[2].td_likelihood_prec (list->array shape=(20, 5000, 1, 1), dtype=float64)
root[2].td_likelihood_prefactors (list->array shape=(20, 5000), dtype=float64)
root[2].lens_params_nu_int_means (list->array shape=(10,), dtype=float64)
root[2].lens_params_nu_int_stddevs (list->array shape=(10,), dtype=float64)
root[2].log_prob_lens_param_samps_nu_int (list->array shape=(20, 5000), dtype=float64)
root[2].sigma_v_measured (list->array shape=(20, 5000, 3), dtype=float64)
root[2].sigma_v_likelihood_prec (list->array shape=(20, 5000, 3, 3), dtype=float64)
root[2].sigma_v_likelihood_prefactors (list->array shape=(20, 5000), dtype=float64)
root[2].log_prob_beta_ani_samps_nu_int (list->array shape=(20, 5000), dtype=float64)
root[3] (dict, 18 keys)
root[3].catalog_idxs (list->array shape=(75,), dtype=int64)
root[3].z_lens (list->array shape=(75,), dtype=float64)
root[3].z_src (list->array shape=(75,), dtype=float64)
root[3].fpd_samples (list->array shape=(75, 5000, 3), dtype=float64)
root[3].lens_param_samples (list->array shape=(75, 5000, 10), dtype=float64)
root[3].kappa_ext_samples (list->array shape=(75, 5000), dtype=float64)
root[3].beta_ani_samples (list->array shape=(75, 5000), dtype=float64)
root[3].kin_pred_samples (list->array shape=(75, 5000, 1), dtype=float64)
root[3].td_measured (list->array shape=(75, 5000, 3), dtype=float64)
root[3].td_likelihood_prec (list->array shape=(75, 5000, 3, 3), dtype=float64)
root[3].td_likelihood_prefactors (list->array shape=(75, 5000), dtype=float64)
root[3].lens_params_nu_int_means (list->array shape=(10,), dtype=float64)
root[3].lens_params_nu_int_stddevs (list->array shape=(10,), dtype=float64)
root[3].log_prob_lens_param_samps_nu_int (list->array shape=(75, 5000), dtype=float64)
root[3].sigma_v_measured (list->array shape=(75, 5000, 1), dtype=float64)
root[3].sigma_v_likelihood_prec (list->array shape=(75, 5000, 1, 1), dtype=float64)
root[3].sigma_v_likelihood_prefactors (list->array shape=(75, 5000), dtype=float64)
root[3].log_prob_beta_ani_samps_nu_int (list->array shape=(75, 5000), dtype=float64)
root[4] (dict, 18 keys)
root[4].catalog_idxs (list->array shape=(75,), dtype=int64)
root[4].z_lens (list->array shape=(75,), dtype=float64)
root[4].z_src (list->array shape=(75,), dtype=float64)
root[4].fpd_samples (list->array shape=(75, 5000, 1), dtype=float64)
root[4].lens_param_samples (list->array shape=(75, 5000, 10), dtype=float64)
root[4].kappa_ext_samples (list->array shape=(75, 5000), dtype=float64)
root[4].beta_ani_samples (list->array shape=(75, 5000), dtype=float64)
root[4].kin_pred_samples (list->array shape=(75, 5000, 1), dtype=float64)
root[4].td_measured (list->array shape=(75, 5000, 1), dtype=float64)
root[4].td_likelihood_prec (list->array shape=(75, 5000, 1, 1), dtype=float64)
root[4].td_likelihood_prefactors (list->array shape=(75, 5000), dtype=float64)
root[4].lens_params_nu_int_means (list->array shape=(10,), dtype=float64)
root[4].lens_params_nu_int_stddevs (list->array shape=(10,), dtype=float64)
root[4].log_prob_lens_param_samps_nu_int (list->array shape=(75, 5000), dtype=float64)
root[4].sigma_v_measured (list->array shape=(75, 5000, 1), dtype=float64)
root[4].sigma_v_likelihood_prec (list->array shape=(75, 5000, 1, 1), dtype=float64)
root[4].sigma_v_likelihood_prefactors (list->array shape=(75, 5000), dtype=float64)
root[4].log_prob_beta_ani_samps_nu_int (list->array shape=(75, 5000), dtype=float64)
root[5] (dict, 18 keys)
root[5].catalog_idxs (list->array shape=(36,), dtype=int64)
root[5].z_lens (list->array shape=(36,), dtype=float64)
root[5].z_src (list->array shape=(36,), dtype=float64)
root[5].fpd_samples (list->array shape=(36, 5000, 3), dtype=float64)
root[5].lens_param_samples (list->array shape=(36, 5000, 10), dtype=float64)
root[5].kappa_ext_samples (list->array shape=(36, 5000), dtype=float64)
root[5].beta_ani_samples (list->array shape=(36, 5000), dtype=float64)
root[5].kin_pred_samples (list->array shape=(36, 5000, 1), dtype=float64)
root[5].td_measured (list->array shape=(36, 5000, 3), dtype=float64)
root[5].td_likelihood_prec (list->array shape=(36, 5000, 3, 3), dtype=float64)
root[5].td_likelihood_prefactors (list->array shape=(36, 5000), dtype=float64)
root[5].lens_params_nu_int_means (list->array shape=(10,), dtype=float64)
root[5].lens_params_nu_int_stddevs (list->array shape=(10,), dtype=float64)
root[5].log_prob_lens_param_samps_nu_int (list->array shape=(36, 5000), dtype=float64)
root[5].sigma_v_measured (list->array shape=(36, 5000, 1), dtype=float64)
root[5].sigma_v_likelihood_prec (list->array shape=(36, 5000, 1, 1), dtype=float64)
root[5].sigma_v_likelihood_prefactors (list->array shape=(36, 5000), dtype=float64)
root[5].log_prob_beta_ani_samps_nu_int (list->array shape=(36, 5000), dtype=float64)
root[6] (dict, 18 keys)
root[6].catalog_idxs (list->array shape=(264,), dtype=int64)
root[6].z_lens (list->array shape=(264,), dtype=float64)
root[6].z_src (list->array shape=(264,), dtype=float64)
root[6].fpd_samples (list->array shape=(264, 5000, 1), dtype=float64)
root[6].lens_param_samples (list->array shape=(264, 5000, 10), dtype=float64)
root[6].kappa_ext_samples (list->array shape=(264, 5000), dtype=float64)
root[6].beta_ani_samples (list->array shape=(264, 5000), dtype=float64)
root[6].kin_pred_samples (list->array shape=(264, 5000, 1), dtype=float64)
root[6].td_measured (list->array shape=(264, 5000, 1), dtype=float64)
root[6].td_likelihood_prec (list->array shape=(264, 5000, 1, 1), dtype=float64)
root[6].td_likelihood_prefactors (list->array shape=(264, 5000), dtype=float64)
root[6].lens_params_nu_int_means (list->array shape=(10,), dtype=float64)
root[6].lens_params_nu_int_stddevs (list->array shape=(10,), dtype=float64)
root[6].log_prob_lens_param_samps_nu_int (list->array shape=(264, 5000), dtype=float64)
root[6].sigma_v_measured (list->array shape=(264, 5000, 1), dtype=float64)
root[6].sigma_v_likelihood_prec (list->array shape=(264, 5000, 1, 1), dtype=float64)
root[6].sigma_v_likelihood_prefactors (list->array shape=(264, 5000), dtype=float64)
root[6].log_prob_beta_ani_samps_nu_int (list->array shape=(264, 5000), dtype=float64)
root[7] (dict, 12 keys)
root[7].catalog_idxs (list->array shape=(290,), dtype=int64)
root[7].z_lens (list->array shape=(290,), dtype=float64)
root[7].z_src (list->array shape=(290,), dtype=float64)
root[7].fpd_samples (list->array shape=(290, 5000, 1), dtype=float64)
root[7].lens_param_samples (list->array shape=(290, 5000, 10), dtype=float64)
root[7].kappa_ext_samples (list->array shape=(290, 5000), dtype=float64)
root[7].td_measured (list->array shape=(290, 5000, 1), dtype=float64)
root[7].td_likelihood_prec (list->array shape=(290, 5000, 1, 1), dtype=float64)
root[7].td_likelihood_prefactors (list->array shape=(290, 5000), dtype=float64)
root[7].lens_params_nu_int_means (list->array shape=(10,), dtype=float64)
root[7].lens_params_nu_int_stddevs (list->array shape=(10,), dtype=float64)
root[7].log_prob_lens_param_samps_nu_int (list->array shape=(290, 5000), dtype=float64)
root[8] (dict, 12 keys)
root[8].catalog_idxs (list->array shape=(10,), dtype=int64)
root[8].z_lens (list->array shape=(10,), dtype=float64)
root[8].z_src (list->array shape=(10,), dtype=float64)
root[8].fpd_samples (list->array shape=(10, 5000, 3), dtype=float64)
root[8].lens_param_samples (list->array shape=(10, 5000, 10), dtype=float64)
root[8].kappa_ext_samples (list->array shape=(10, 5000), dtype=float64)
root[8].td_measured (list->array shape=(10, 5000, 3), dtype=float64)
root[8].td_likelihood_prec (list->array shape=(10, 5000, 3, 3), dtype=float64)
root[8].td_likelihood_prefactors (list->array shape=(10, 5000), dtype=float64)
root[8].lens_params_nu_int_means (list->array shape=(10,), dtype=float64)
root[8].lens_params_nu_int_stddevs (list->array shape=(10,), dtype=float64)
root[8].log_prob_lens_param_samps_nu_int (list->array shape=(10, 5000), dtype=float64)
